<?xml version="1.0" encoding="UTF-8"?>
<!-- Generated by org.testng.reporters.JUnitReportReporter -->
<testsuite skipped="0" hostname="LAPTOP-SOVQ8MF1" name="Whatsapp.WhatsappBot.Test1" tests="1" failures="0" timestamp="26 May 2019 07:42:54 GMT" time="22.203" errors="0">
  <testcase name="Spam" time="22.203" classname="Whatsapp.WhatsappBot.Test1"/>
</testsuite> <!-- Whatsapp.WhatsappBot.Test1 -->
